TN:
SF:src\modules\employees\services\EmployeeService.ts
FN:11,EmployeeService
FN:16,Object.<anonymous>.EmployeeService.getAll
FN:22,Object.<anonymous>.EmployeeService.getById
FN:30,Object.<anonymous>.EmployeeService.create
FN:36,Object.<anonymous>.EmployeeService.update
FN:49,Object.<anonymous>.EmployeeService.delete
FNF:6
FNH:6
FNDA:8,EmployeeService
FNDA:1,Object.<anonymous>.EmployeeService.getAll
FNDA:2,Object.<anonymous>.EmployeeService.getById
FNDA:4,Object.<anonymous>.EmployeeService.create
FNDA:2,Object.<anonymous>.EmployeeService.update
FNDA:2,Object.<anonymous>.EmployeeService.delete
DA:1,1
DA:2,1
DA:3,1
DA:4,1
DA:5,1
DA:6,1
DA:7,1
DA:8,1
DA:9,1
DA:10,1
DA:11,1
DA:12,8
DA:13,8
DA:14,8
DA:15,1
DA:16,1
DA:17,1
DA:18,1
DA:19,1
DA:20,1
DA:21,1
DA:22,1
DA:23,2
DA:24,2
DA:25,2
DA:26,1
DA:27,1
DA:28,2
DA:29,1
DA:30,1
DA:31,4
DA:32,4
DA:33,4
DA:34,4
DA:35,1
DA:36,1
DA:37,2
DA:38,2
DA:39,2
DA:40,2
DA:41,2
DA:42,2
DA:43,1
DA:44,1
DA:45,2
DA:46,2
DA:47,2
DA:48,1
DA:49,1
DA:50,2
DA:51,2
DA:52,2
DA:53,1
DA:54,1
DA:55,2
DA:56,2
DA:57,2
DA:58,1
DA:59,1
DA:60,1
LF:60
LH:60
BRDA:10,0,0,1
BRDA:11,1,0,8
BRDA:16,2,0,1
BRDA:17,3,0,1
BRDA:22,4,0,2
BRDA:23,5,0,2
BRDA:25,6,0,1
BRDA:30,7,0,4
BRDA:31,8,0,4
BRDA:36,9,0,2
BRDA:40,10,0,2
BRDA:42,11,0,1
BRDA:49,12,0,2
BRDA:50,13,0,2
BRDA:52,14,0,1
BRF:15
BRH:15
end_of_record
TN:
SF:src\modules\employees_types\services\EmployeeTypeService.ts
FN:11,EmployeeService
FN:16,Object.<anonymous>.EmployeeService.getAll
FN:22,Object.<anonymous>.EmployeeService.getById
FN:30,Object.<anonymous>.EmployeeService.create
FN:36,Object.<anonymous>.EmployeeService.update
FN:49,Object.<anonymous>.EmployeeService.delete
FNF:6
FNH:6
FNDA:8,EmployeeService
FNDA:1,Object.<anonymous>.EmployeeService.getAll
FNDA:2,Object.<anonymous>.EmployeeService.getById
FNDA:4,Object.<anonymous>.EmployeeService.create
FNDA:2,Object.<anonymous>.EmployeeService.update
FNDA:2,Object.<anonymous>.EmployeeService.delete
DA:1,1
DA:2,1
DA:3,1
DA:4,1
DA:5,1
DA:6,1
DA:7,1
DA:8,1
DA:9,1
DA:10,1
DA:11,1
DA:12,8
DA:13,8
DA:14,8
DA:15,1
DA:16,1
DA:17,1
DA:18,1
DA:19,1
DA:20,1
DA:21,1
DA:22,1
DA:23,2
DA:24,2
DA:25,2
DA:26,1
DA:27,1
DA:28,2
DA:29,1
DA:30,1
DA:31,4
DA:32,4
DA:33,4
DA:34,4
DA:35,1
DA:36,1
DA:37,2
DA:38,2
DA:39,2
DA:40,2
DA:41,2
DA:42,2
DA:43,1
DA:44,1
DA:45,2
DA:46,2
DA:47,2
DA:48,1
DA:49,1
DA:50,2
DA:51,2
DA:52,2
DA:53,1
DA:54,1
DA:55,2
DA:56,2
DA:57,2
DA:58,1
DA:59,1
DA:60,1
LF:60
LH:60
BRDA:10,0,0,1
BRDA:11,1,0,8
BRDA:16,2,0,1
BRDA:17,3,0,1
BRDA:22,4,0,2
BRDA:23,5,0,2
BRDA:25,6,0,1
BRDA:30,7,0,4
BRDA:31,8,0,4
BRDA:36,9,0,2
BRDA:40,10,0,2
BRDA:42,11,0,1
BRDA:49,12,0,2
BRDA:50,13,0,2
BRDA:52,14,0,1
BRF:15
BRH:15
end_of_record
TN:
SF:src\modules\shops\services\ShopService.ts
FN:11,ShopService
FN:16,Object.<anonymous>.ShopService.getAll
FN:21,Object.<anonymous>.ShopService.getById
FN:29,Object.<anonymous>.ShopService.create
FN:35,Object.<anonymous>.ShopService.update
FN:45,Object.<anonymous>.ShopService.delete
FNF:6
FNH:6
FNDA:8,ShopService
FNDA:1,Object.<anonymous>.ShopService.getAll
FNDA:2,Object.<anonymous>.ShopService.getById
FNDA:4,Object.<anonymous>.ShopService.create
FNDA:2,Object.<anonymous>.ShopService.update
FNDA:2,Object.<anonymous>.ShopService.delete
DA:1,1
DA:2,1
DA:3,1
DA:4,1
DA:5,1
DA:6,1
DA:7,1
DA:8,1
DA:9,1
DA:10,1
DA:11,1
DA:12,8
DA:13,8
DA:14,8
DA:15,1
DA:16,1
DA:17,1
DA:18,1
DA:19,1
DA:20,1
DA:21,1
DA:22,2
DA:23,2
DA:24,2
DA:25,1
DA:26,1
DA:27,2
DA:28,1
DA:29,1
DA:30,4
DA:31,4
DA:32,4
DA:33,4
DA:34,1
DA:35,1
DA:36,2
DA:37,2
DA:38,2
DA:39,1
DA:40,1
DA:41,2
DA:42,2
DA:43,2
DA:44,1
DA:45,1
DA:46,2
DA:47,2
DA:48,2
DA:49,1
DA:50,1
DA:51,2
DA:52,2
DA:53,2
DA:54,1
DA:55,1
DA:56,1
LF:56
LH:56
BRDA:10,0,0,1
BRDA:11,1,0,8
BRDA:16,2,0,1
BRDA:17,3,0,1
BRDA:21,4,0,2
BRDA:22,5,0,2
BRDA:24,6,0,1
BRDA:29,7,0,4
BRDA:30,8,0,4
BRDA:35,9,0,2
BRDA:36,10,0,2
BRDA:38,11,0,1
BRDA:45,12,0,2
BRDA:46,13,0,2
BRDA:48,14,0,1
BRF:15
BRH:15
end_of_record
