TN:
SF:src\modules\employees\services\EmployeeService.ts
FN:13,EmployeeService
FN:18,Object.<anonymous>.EmployeeService.getAll
FN:24,Object.<anonymous>.EmployeeService.getById
FN:32,Object.<anonymous>.EmployeeService.create
FN:53,Object.<anonymous>.EmployeeService.update
FN:66,Object.<anonymous>.EmployeeService.delete
FNF:6
FNH:6
FNDA:8,EmployeeService
FNDA:1,Object.<anonymous>.EmployeeService.getAll
FNDA:2,Object.<anonymous>.EmployeeService.getById
FNDA:4,Object.<anonymous>.EmployeeService.create
FNDA:2,Object.<anonymous>.EmployeeService.update
FNDA:2,Object.<anonymous>.EmployeeService.delete
DA:1,1
DA:2,1
DA:3,1
DA:4,1
DA:5,1
DA:6,1
DA:7,1
DA:8,1
DA:9,1
DA:10,1
DA:11,1
DA:12,1
DA:13,1
DA:14,8
DA:15,8
DA:16,8
DA:17,1
DA:18,1
DA:19,1
DA:20,1
DA:21,1
DA:22,1
DA:23,1
DA:24,1
DA:25,2
DA:26,2
DA:27,2
DA:28,1
DA:29,1
DA:30,2
DA:31,1
DA:32,1
DA:33,4
DA:34,4
DA:35,4
DA:36,4
DA:37,4
DA:38,4
DA:39,4
DA:40,4
DA:41,4
DA:42,4
DA:43,4
DA:44,4
DA:45,4
DA:46,4
DA:47,4
DA:48,4
DA:49,4
DA:50,4
DA:51,4
DA:52,1
DA:53,1
DA:54,2
DA:55,2
DA:56,2
DA:57,2
DA:58,2
DA:59,2
DA:60,1
DA:61,1
DA:62,2
DA:63,2
DA:64,2
DA:65,1
DA:66,1
DA:67,2
DA:68,2
DA:69,2
DA:70,1
DA:71,1
DA:72,2
DA:73,2
DA:74,2
DA:75,1
DA:76,1
DA:77,1
LF:77
LH:77
BRDA:12,0,0,1
BRDA:13,1,0,8
BRDA:18,2,0,1
BRDA:19,3,0,1
BRDA:24,4,0,2
BRDA:25,5,0,2
BRDA:27,6,0,1
BRDA:32,7,0,4
BRDA:48,8,0,4
BRDA:53,9,0,2
BRDA:57,10,0,2
BRDA:59,11,0,1
BRDA:66,12,0,2
BRDA:67,13,0,2
BRDA:69,14,0,1
BRF:15
BRH:15
end_of_record
TN:
SF:src\modules\employees_types\services\EmployeeTypeService.ts
FN:11,EmployeeService
FN:16,Object.<anonymous>.EmployeeService.getAll
FN:22,Object.<anonymous>.EmployeeService.getById
FN:30,Object.<anonymous>.EmployeeService.create
FN:36,Object.<anonymous>.EmployeeService.update
FN:49,Object.<anonymous>.EmployeeService.delete
FNF:6
FNH:6
FNDA:8,EmployeeService
FNDA:1,Object.<anonymous>.EmployeeService.getAll
FNDA:2,Object.<anonymous>.EmployeeService.getById
FNDA:4,Object.<anonymous>.EmployeeService.create
FNDA:2,Object.<anonymous>.EmployeeService.update
FNDA:2,Object.<anonymous>.EmployeeService.delete
DA:1,1
DA:2,1
DA:3,1
DA:4,1
DA:5,1
DA:6,1
DA:7,1
DA:8,1
DA:9,1
DA:10,1
DA:11,1
DA:12,8
DA:13,8
DA:14,8
DA:15,1
DA:16,1
DA:17,1
DA:18,1
DA:19,1
DA:20,1
DA:21,1
DA:22,1
DA:23,2
DA:24,2
DA:25,2
DA:26,1
DA:27,1
DA:28,2
DA:29,1
DA:30,1
DA:31,4
DA:32,4
DA:33,4
DA:34,4
DA:35,1
DA:36,1
DA:37,2
DA:38,2
DA:39,2
DA:40,2
DA:41,2
DA:42,2
DA:43,1
DA:44,1
DA:45,2
DA:46,2
DA:47,2
DA:48,1
DA:49,1
DA:50,2
DA:51,2
DA:52,2
DA:53,1
DA:54,1
DA:55,2
DA:56,2
DA:57,2
DA:58,1
DA:59,1
DA:60,1
LF:60
LH:60
BRDA:10,0,0,1
BRDA:11,1,0,8
BRDA:16,2,0,1
BRDA:17,3,0,1
BRDA:22,4,0,2
BRDA:23,5,0,2
BRDA:25,6,0,1
BRDA:30,7,0,4
BRDA:31,8,0,4
BRDA:36,9,0,2
BRDA:40,10,0,2
BRDA:42,11,0,1
BRDA:49,12,0,2
BRDA:50,13,0,2
BRDA:52,14,0,1
BRF:15
BRH:15
end_of_record
TN:
SF:src\modules\shops\services\ShopService.ts
FN:11,ShopService
FN:16,Object.<anonymous>.ShopService.getAll
FN:21,Object.<anonymous>.ShopService.getById
FN:29,Object.<anonymous>.ShopService.create
FN:35,Object.<anonymous>.ShopService.update
FN:45,Object.<anonymous>.ShopService.delete
FNF:6
FNH:6
FNDA:8,ShopService
FNDA:1,Object.<anonymous>.ShopService.getAll
FNDA:2,Object.<anonymous>.ShopService.getById
FNDA:4,Object.<anonymous>.ShopService.create
FNDA:2,Object.<anonymous>.ShopService.update
FNDA:2,Object.<anonymous>.ShopService.delete
DA:1,1
DA:2,1
DA:3,1
DA:4,1
DA:5,1
DA:6,1
DA:7,1
DA:8,1
DA:9,1
DA:10,1
DA:11,1
DA:12,8
DA:13,8
DA:14,8
DA:15,1
DA:16,1
DA:17,1
DA:18,1
DA:19,1
DA:20,1
DA:21,1
DA:22,2
DA:23,2
DA:24,2
DA:25,1
DA:26,1
DA:27,2
DA:28,1
DA:29,1
DA:30,4
DA:31,4
DA:32,4
DA:33,4
DA:34,1
DA:35,1
DA:36,2
DA:37,2
DA:38,2
DA:39,1
DA:40,1
DA:41,2
DA:42,2
DA:43,2
DA:44,1
DA:45,1
DA:46,2
DA:47,2
DA:48,2
DA:49,1
DA:50,1
DA:51,2
DA:52,2
DA:53,2
DA:54,1
DA:55,1
DA:56,1
LF:56
LH:56
BRDA:10,0,0,1
BRDA:11,1,0,8
BRDA:16,2,0,1
BRDA:17,3,0,1
BRDA:21,4,0,2
BRDA:22,5,0,2
BRDA:24,6,0,1
BRDA:29,7,0,4
BRDA:30,8,0,4
BRDA:35,9,0,2
BRDA:36,10,0,2
BRDA:38,11,0,1
BRDA:45,12,0,2
BRDA:46,13,0,2
BRDA:48,14,0,1
BRF:15
BRH:15
end_of_record
